<?xml version="1.0" encoding="UTF-8"?>
<!-- Generated by org.testng.reporters.JUnitReportReporter -->
<testsuite hostname="sony-PC" failures="0" tests="1" name="SmokeTest.TestCases" time="42.803" errors="0" timestamp="20 Mar 2020 18:00:01 GMT">
  <testcase classname="SmokeTest.TestCases" name="TC01" time="42.803"/>
</testsuite> <!-- SmokeTest.TestCases -->
