<?xml version="1.0" encoding="UTF-8"?>
<!-- Generated by org.testng.reporters.JUnitReportReporter -->
<testsuite hostname="sony-PC" failures="0" tests="4" name="Regression.TestCases" time="67.002" errors="0" timestamp="25 Mar 2020 22:44:14 GMT">
  <testcase classname="Regression.TestCases" name="TC02" time="20.248"/>
  <testcase classname="Regression.TestCases" name="TC01" time="13.852"/>
  <testcase classname="Regression.TestCases" name="TC03" time="17.539"/>
  <testcase classname="Regression.TestCases" name="TC04" time="15.363"/>
</testsuite> <!-- Regression.TestCases -->
